1/1:	cricket_y
x_test: [[-0.11105748 -0.09022612 -0.01983751 ... -0.52912551 -0.52302749
  -0.52768319]
 [ 0.60310085  0.44417446  0.42087495 ...  0.1473066   0.1554887
   0.15103478]
 [ 0.5028739   0.51713595  0.56797241 ...  0.5376856   0.55332614
   0.54481222]
 ...
 [ 0.11665757 -0.23675922 -0.11618954 ... -0.20370227  0.14814326
   0.14307585]
 [-0.30038609 -0.31129898 -0.23701196 ... -0.28414469 -0.4141128
  -0.41894275]
 [-0.1846542  -0.29486701 -0.18302842 ... -0.28816946 -0.28222449
  -0.28546063]]
x_test augmentation: [[-6.90501392e-01 -1.11646760e-01 -6.36632425e-01 ... -2.45475519e-02
   1.53209841e-01 -4.31952850e-01]
 [ 1.13181421e+00  5.30641506e-01  3.77078371e-01 ...  3.35669824e-01
   7.12928401e-01  3.25344392e-01]
 [ 3.26778384e-01  3.62455478e-01  7.55295874e-01 ...  1.05568525e+00
   2.65464942e-01  7.46724108e-01]
 ...
 [-1.98439642e-01 -6.43688831e-01 -7.89062649e-02 ... -6.05958475e-02
   2.24063287e-01 -1.32170202e-02]
 [-5.55130813e-01 -9.02655444e-01 -4.62085630e-01 ...  1.88085049e-01
  -8.79751954e-01 -3.69383666e-01]
 [ 2.45071231e-01 -2.64902723e-01 -1.07998156e-04 ...  4.03248890e-01
  -7.10114434e-01 -3.53855449e-01]]
-----------------------------------------------------------
models, weights:  [['MLP-0' '0.03333333333333333']
 ['MLP-1' '0.03333333333333333']
 ['MLP-2' '0.03333333333333333']
 ['MLP-3' '0.03333333333333333']
 ['MLP-4' '0.03333333333333333']
 ['MLP-5' '0.03333333333333333']
 ['MLP-6' '0.03333333333333333']
 ['MLP-7' '0.03333333333333333']
 ['MLP-8' '0.03333333333333333']
 ['MLP-9' '0.03333333333333333']
 ['Encoder-0' '0.03333333333333333']
 ['Encoder-1' '0.03333333333333333']
 ['Encoder-2' '0.03333333333333333']
 ['Encoder-3' '0.03333333333333333']
 ['Encoder-4' '0.03333333333333333']
 ['Encoder-5' '0.03333333333333333']
 ['Encoder-6' '0.03333333333333333']
 ['Encoder-7' '0.03333333333333333']
 ['Encoder-8' '0.03333333333333333']
 ['Encoder-9' '0.03333333333333333']
 ['Resnet-0' '0.03333333333333333']
 ['Resnet-1' '0.03333333333333333']
 ['Resnet-2' '0.03333333333333333']
 ['Resnet-3' '0.03333333333333333']
 ['Resnet-4' '0.03333333333333333']
 ['Resnet-5' '0.03333333333333333']
 ['Resnet-6' '0.03333333333333333']
 ['Resnet-7' '0.03333333333333333']
 ['Resnet-8' '0.03333333333333333']
 ['Resnet-9' '0.03333333333333333']]
Traceback (most recent call last):
  File "run_ensembles.py", line 38, in <module>
    run_ensembles(dataset_names=dataset_names, ensembles=used_ensembles, verbose=True, models_path=model_paths, datasets_path=datasets_path).to_csv(csv_name)
  File "../../../src/Evaluation.py", line 167, in run_ensembles
    for row in run_ensemble(dataset_name, model_names, ensemble_name, models_path=models_path, datasets_path=datasets_path):
  File "../../../src/Evaluation.py", line 138, in run_ensemble
    method_names, predicted_classes = get_ensemble_predictions(x_test, model_names, evaluation_dataset, models_path=models_path)
  File "../../../src/Evaluation.py", line 103, in get_ensemble_predictions
    predictions = list(map(lambda ensemble: np.array(ensemble.__ensemble_method__(x, verbose=0)),
  File "../../../src/Evaluation.py", line 103, in <lambda>
    predictions = list(map(lambda ensemble: np.array(ensemble.__ensemble_method__(x, verbose=0)),
  File "../../../src/Ensemble.py", line 58, in __average__
    return tf.argmax(np.average(pred, axis=0, weights=self.model_weights), axis=-1)
  File "<__array_function__ internals>", line 200, in average
  File "/opt/bwhpc/common/jupyter/tensorflow/2023-01-02/lib/python3.8/site-packages/numpy/lib/function_base.py", line 539, in average
    raise ValueError(
ValueError: Length of weights not compatible with specified axis.

============================= JOB FEEDBACK =============================

NodeName=uc2n520
Job ID: 21739546
Cluster: uc2
User/Group: ul_dgb62/ul_student
State: FAILED (exit code 1)
Nodes: 1
Cores per node: 40
CPU Utilized: 00:00:10
CPU Efficiency: 0.21% of 01:20:00 core-walltime
Job Wall-clock time: 00:02:00
Memory Utilized: 2.58 GB
Memory Efficiency: 8.82% of 29.30 GB
